2021-03-20 16:30:45,859 INFO org.springframework.boot.StartupInfoLogger [main] Starting RestaurantsearchApplication using Java 1.8.0_161 on Danny with PID 15756 (C:\Users\DannyC\Downloads\restaurantsearch\restaurantsearch\target\classes started by DannyC in C:\Users\DannyC\Downloads\restaurantsearch\restaurantsearch)
2021-03-20 16:30:45,869 INFO org.springframework.boot.SpringApplication [main] No active profile set, falling back to default profiles: default
2021-03-20 16:30:49,557 INFO org.springframework.boot.web.embedded.tomcat.TomcatWebServer [main] Tomcat initialized with port(s): 8080 (http)
2021-03-20 16:30:49,618 INFO org.apache.juli.logging.DirectJDKLog [main] Initializing ProtocolHandler ["http-nio-8080"]
2021-03-20 16:30:49,620 INFO org.apache.juli.logging.DirectJDKLog [main] Starting service [Tomcat]
2021-03-20 16:30:49,621 INFO org.apache.juli.logging.DirectJDKLog [main] Starting Servlet engine: [Apache Tomcat/9.0.44]
2021-03-20 16:30:49,964 INFO org.apache.juli.logging.DirectJDKLog [main] Initializing Spring embedded WebApplicationContext
2021-03-20 16:30:49,965 INFO org.springframework.boot.web.servlet.context.ServletWebServerApplicationContext [main] Root WebApplicationContext: initialization completed in 3771 ms
2021-03-20 16:30:50,543 INFO org.springframework.scheduling.concurrent.ExecutorConfigurationSupport [main] Initializing ExecutorService 'applicationTaskExecutor'
2021-03-20 16:30:51,032 INFO org.apache.juli.logging.DirectJDKLog [main] Starting ProtocolHandler ["http-nio-8080"]
2021-03-20 16:30:51,090 INFO org.springframework.boot.web.embedded.tomcat.TomcatWebServer [main] Tomcat started on port(s): 8080 (http) with context path ''
2021-03-20 16:30:51,142 INFO org.springframework.boot.StartupInfoLogger [main] Started RestaurantsearchApplication in 7.246 seconds (JVM running for 9.27)
2021-03-20 16:31:51,575 INFO org.springframework.boot.StartupInfoLogger [main] Starting RestaurantsearchApplication using Java 1.8.0_161 on Danny with PID 16328 (C:\Users\DannyC\Downloads\restaurantsearch\restaurantsearch\target\classes started by DannyC in C:\Users\DannyC\Downloads\restaurantsearch\restaurantsearch)
2021-03-20 16:31:51,617 INFO org.springframework.boot.SpringApplication [main] No active profile set, falling back to default profiles: default
2021-03-20 16:31:53,883 INFO org.springframework.boot.web.embedded.tomcat.TomcatWebServer [main] Tomcat initialized with port(s): 8080 (http)
2021-03-20 16:31:53,906 INFO org.apache.juli.logging.DirectJDKLog [main] Initializing ProtocolHandler ["http-nio-8080"]
2021-03-20 16:31:53,907 INFO org.apache.juli.logging.DirectJDKLog [main] Starting service [Tomcat]
2021-03-20 16:31:53,908 INFO org.apache.juli.logging.DirectJDKLog [main] Starting Servlet engine: [Apache Tomcat/9.0.44]
2021-03-20 16:31:54,059 INFO org.apache.juli.logging.DirectJDKLog [main] Initializing Spring embedded WebApplicationContext
2021-03-20 16:31:54,060 INFO org.springframework.boot.web.servlet.context.ServletWebServerApplicationContext [main] Root WebApplicationContext: initialization completed in 2268 ms
2021-03-20 16:31:54,608 INFO org.springframework.scheduling.concurrent.ExecutorConfigurationSupport [main] Initializing ExecutorService 'applicationTaskExecutor'
2021-03-20 16:31:55,052 INFO org.apache.juli.logging.DirectJDKLog [main] Starting ProtocolHandler ["http-nio-8080"]
2021-03-20 16:31:55,075 WARN org.springframework.context.support.AbstractApplicationContext [main] Exception encountered during context initialization - cancelling refresh attempt: org.springframework.context.ApplicationContextException: Failed to start bean 'webServerStartStop'; nested exception is org.springframework.boot.web.server.PortInUseException: Port 8080 is already in use
2021-03-20 16:31:55,076 INFO org.springframework.scheduling.concurrent.ExecutorConfigurationSupport [main] Shutting down ExecutorService 'applicationTaskExecutor'
2021-03-20 16:31:55,083 INFO org.apache.juli.logging.DirectJDKLog [main] Pausing ProtocolHandler ["http-nio-8080"]
2021-03-20 16:31:55,083 INFO org.apache.juli.logging.DirectJDKLog [main] Stopping service [Tomcat]
2021-03-20 16:31:55,098 INFO org.apache.juli.logging.DirectJDKLog [main] Stopping ProtocolHandler ["http-nio-8080"]
2021-03-20 16:31:55,099 INFO org.apache.juli.logging.DirectJDKLog [main] Destroying ProtocolHandler ["http-nio-8080"]
2021-03-20 16:31:55,163 INFO org.springframework.boot.autoconfigure.logging.ConditionEvaluationReportLoggingListener [main] 

Error starting ApplicationContext. To display the conditions report re-run your application with 'debug' enabled.
2021-03-20 16:31:55,373 ERROR org.springframework.boot.diagnostics.LoggingFailureAnalysisReporter [main] 

***************************
APPLICATION FAILED TO START
***************************

Description:

Web server failed to start. Port 8080 was already in use.

Action:

Identify and stop the process that's listening on port 8080 or configure this application to listen on another port.

2021-03-20 16:32:14,552 INFO org.springframework.boot.StartupInfoLogger [main] Starting RestaurantsearchApplication using Java 1.8.0_161 on Danny with PID 16272 (C:\Users\DannyC\Downloads\restaurantsearch\restaurantsearch\target\classes started by DannyC in C:\Users\DannyC\Downloads\restaurantsearch\restaurantsearch)
2021-03-20 16:32:14,573 INFO org.springframework.boot.SpringApplication [main] No active profile set, falling back to default profiles: default
2021-03-20 16:32:16,924 INFO org.springframework.boot.web.embedded.tomcat.TomcatWebServer [main] Tomcat initialized with port(s): 8080 (http)
2021-03-20 16:32:16,961 INFO org.apache.juli.logging.DirectJDKLog [main] Initializing ProtocolHandler ["http-nio-8080"]
2021-03-20 16:32:16,965 INFO org.apache.juli.logging.DirectJDKLog [main] Starting service [Tomcat]
2021-03-20 16:32:16,967 INFO org.apache.juli.logging.DirectJDKLog [main] Starting Servlet engine: [Apache Tomcat/9.0.44]
2021-03-20 16:32:17,100 INFO org.apache.juli.logging.DirectJDKLog [main] Initializing Spring embedded WebApplicationContext
2021-03-20 16:32:17,101 INFO org.springframework.boot.web.servlet.context.ServletWebServerApplicationContext [main] Root WebApplicationContext: initialization completed in 2288 ms
2021-03-20 16:32:17,527 INFO org.springframework.scheduling.concurrent.ExecutorConfigurationSupport [main] Initializing ExecutorService 'applicationTaskExecutor'
2021-03-20 16:32:17,865 INFO org.apache.juli.logging.DirectJDKLog [main] Starting ProtocolHandler ["http-nio-8080"]
2021-03-20 16:32:17,952 INFO org.springframework.boot.web.embedded.tomcat.TomcatWebServer [main] Tomcat started on port(s): 8080 (http) with context path ''
2021-03-20 16:32:18,023 INFO org.springframework.boot.StartupInfoLogger [main] Started RestaurantsearchApplication in 4.811 seconds (JVM running for 5.999)
2021-03-20 16:33:22,719 INFO org.apache.juli.logging.DirectJDKLog [http-nio-8080-exec-1] Initializing Spring DispatcherServlet 'dispatcherServlet'
2021-03-20 16:33:22,721 INFO org.springframework.web.servlet.FrameworkServlet [http-nio-8080-exec-1] Initializing Servlet 'dispatcherServlet'
2021-03-20 16:33:22,723 INFO org.springframework.web.servlet.FrameworkServlet [http-nio-8080-exec-1] Completed initialization in 1 ms
2021-03-20 16:34:04,670 INFO org.springframework.boot.StartupInfoLogger [main] Starting RestaurantsearchApplication using Java 1.8.0_161 on Danny with PID 15920 (C:\Users\DannyC\Downloads\restaurantsearch\restaurantsearch\target\classes started by DannyC in C:\Users\DannyC\Downloads\restaurantsearch\restaurantsearch)
2021-03-20 16:34:04,679 INFO org.springframework.boot.SpringApplication [main] No active profile set, falling back to default profiles: default
2021-03-20 16:34:06,936 INFO org.springframework.boot.web.embedded.tomcat.TomcatWebServer [main] Tomcat initialized with port(s): 8080 (http)
2021-03-20 16:34:06,966 INFO org.apache.juli.logging.DirectJDKLog [main] Initializing ProtocolHandler ["http-nio-8080"]
2021-03-20 16:34:06,967 INFO org.apache.juli.logging.DirectJDKLog [main] Starting service [Tomcat]
2021-03-20 16:34:06,968 INFO org.apache.juli.logging.DirectJDKLog [main] Starting Servlet engine: [Apache Tomcat/9.0.44]
2021-03-20 16:34:07,159 INFO org.apache.juli.logging.DirectJDKLog [main] Initializing Spring embedded WebApplicationContext
2021-03-20 16:34:07,161 INFO org.springframework.boot.web.servlet.context.ServletWebServerApplicationContext [main] Root WebApplicationContext: initialization completed in 2314 ms
2021-03-20 16:34:07,625 INFO org.springframework.scheduling.concurrent.ExecutorConfigurationSupport [main] Initializing ExecutorService 'applicationTaskExecutor'
2021-03-20 16:34:07,991 INFO org.apache.juli.logging.DirectJDKLog [main] Starting ProtocolHandler ["http-nio-8080"]
2021-03-20 16:34:08,058 INFO org.springframework.boot.web.embedded.tomcat.TomcatWebServer [main] Tomcat started on port(s): 8080 (http) with context path ''
2021-03-20 16:34:08,077 INFO org.springframework.boot.StartupInfoLogger [main] Started RestaurantsearchApplication in 4.6 seconds (JVM running for 5.715)
2021-03-20 16:34:40,264 INFO org.apache.juli.logging.DirectJDKLog [http-nio-8080-exec-1] Initializing Spring DispatcherServlet 'dispatcherServlet'
2021-03-20 16:34:40,265 INFO org.springframework.web.servlet.FrameworkServlet [http-nio-8080-exec-1] Initializing Servlet 'dispatcherServlet'
2021-03-20 16:34:40,267 INFO org.springframework.web.servlet.FrameworkServlet [http-nio-8080-exec-1] Completed initialization in 1 ms
2021-03-20 16:34:53,247 WARN org.springframework.web.servlet.handler.AbstractHandlerExceptionResolver [http-nio-8080-exec-3] Resolved [org.springframework.web.bind.MissingServletRequestParameterException: Required String parameter 'name' is not present]
2021-03-20 16:44:48,575 INFO org.springframework.boot.StartupInfoLogger [main] Starting RestaurantsearchApplication using Java 1.8.0_161 on Danny with PID 14304 (C:\Users\DannyC\Downloads\restaurantsearch\restaurantsearch\target\classes started by DannyC in C:\Users\DannyC\Downloads\restaurantsearch\restaurantsearch)
2021-03-20 16:44:48,583 INFO org.springframework.boot.SpringApplication [main] No active profile set, falling back to default profiles: default
2021-03-20 16:44:50,954 INFO org.springframework.boot.web.embedded.tomcat.TomcatWebServer [main] Tomcat initialized with port(s): 8080 (http)
2021-03-20 16:44:50,978 INFO org.apache.juli.logging.DirectJDKLog [main] Initializing ProtocolHandler ["http-nio-8080"]
2021-03-20 16:44:50,980 INFO org.apache.juli.logging.DirectJDKLog [main] Starting service [Tomcat]
2021-03-20 16:44:50,980 INFO org.apache.juli.logging.DirectJDKLog [main] Starting Servlet engine: [Apache Tomcat/9.0.44]
2021-03-20 16:44:51,115 INFO org.apache.juli.logging.DirectJDKLog [main] Initializing Spring embedded WebApplicationContext
2021-03-20 16:44:51,117 INFO org.springframework.boot.web.servlet.context.ServletWebServerApplicationContext [main] Root WebApplicationContext: initialization completed in 2373 ms
2021-03-20 16:44:51,520 INFO org.springframework.scheduling.concurrent.ExecutorConfigurationSupport [main] Initializing ExecutorService 'applicationTaskExecutor'
2021-03-20 16:44:52,040 INFO org.apache.juli.logging.DirectJDKLog [main] Starting ProtocolHandler ["http-nio-8080"]
2021-03-20 16:44:52,089 INFO org.springframework.boot.web.embedded.tomcat.TomcatWebServer [main] Tomcat started on port(s): 8080 (http) with context path ''
2021-03-20 16:44:52,124 INFO org.springframework.boot.StartupInfoLogger [main] Started RestaurantsearchApplication in 4.684 seconds (JVM running for 5.745)
2021-03-20 16:44:56,300 INFO org.apache.juli.logging.DirectJDKLog [http-nio-8080-exec-2] Initializing Spring DispatcherServlet 'dispatcherServlet'
2021-03-20 16:44:56,301 INFO org.springframework.web.servlet.FrameworkServlet [http-nio-8080-exec-2] Initializing Servlet 'dispatcherServlet'
2021-03-20 16:44:56,304 INFO org.springframework.web.servlet.FrameworkServlet [http-nio-8080-exec-2] Completed initialization in 2 ms
2021-03-20 16:46:38,310 INFO org.springframework.boot.StartupInfoLogger [main] Starting RestaurantsearchApplication using Java 1.8.0_161 on Danny with PID 16168 (C:\Users\DannyC\Downloads\restaurantsearch\restaurantsearch\target\classes started by DannyC in C:\Users\DannyC\Downloads\restaurantsearch\restaurantsearch)
2021-03-20 16:46:38,319 INFO org.springframework.boot.SpringApplication [main] No active profile set, falling back to default profiles: default
2021-03-20 16:46:41,077 INFO org.springframework.boot.web.embedded.tomcat.TomcatWebServer [main] Tomcat initialized with port(s): 8080 (http)
2021-03-20 16:46:41,106 INFO org.apache.juli.logging.DirectJDKLog [main] Initializing ProtocolHandler ["http-nio-8080"]
2021-03-20 16:46:41,108 INFO org.apache.juli.logging.DirectJDKLog [main] Starting service [Tomcat]
2021-03-20 16:46:41,110 INFO org.apache.juli.logging.DirectJDKLog [main] Starting Servlet engine: [Apache Tomcat/9.0.44]
2021-03-20 16:46:41,291 INFO org.apache.juli.logging.DirectJDKLog [main] Initializing Spring embedded WebApplicationContext
2021-03-20 16:46:41,291 INFO org.springframework.boot.web.servlet.context.ServletWebServerApplicationContext [main] Root WebApplicationContext: initialization completed in 2795 ms
2021-03-20 16:46:41,793 INFO org.springframework.scheduling.concurrent.ExecutorConfigurationSupport [main] Initializing ExecutorService 'applicationTaskExecutor'
2021-03-20 16:46:42,154 INFO org.apache.juli.logging.DirectJDKLog [main] Starting ProtocolHandler ["http-nio-8080"]
2021-03-20 16:46:42,240 INFO org.springframework.boot.web.embedded.tomcat.TomcatWebServer [main] Tomcat started on port(s): 8080 (http) with context path ''
2021-03-20 16:46:42,266 INFO org.springframework.boot.StartupInfoLogger [main] Started RestaurantsearchApplication in 5.278 seconds (JVM running for 6.652)
2021-03-20 16:46:49,758 INFO org.apache.juli.logging.DirectJDKLog [http-nio-8080-exec-1] Initializing Spring DispatcherServlet 'dispatcherServlet'
2021-03-20 16:46:49,760 INFO org.springframework.web.servlet.FrameworkServlet [http-nio-8080-exec-1] Initializing Servlet 'dispatcherServlet'
2021-03-20 16:46:49,764 INFO org.springframework.web.servlet.FrameworkServlet [http-nio-8080-exec-1] Completed initialization in 2 ms
2021-03-20 16:46:57,532 ERROR com.restaurants.restaurantsearch.controller.RestaurantService [http-nio-8080-exec-1] For input string: "id"
java.lang.NumberFormatException: For input string: "id"
	at java.lang.NumberFormatException.forInputString(Unknown Source)
	at java.lang.Integer.parseInt(Unknown Source)
	at java.lang.Integer.parseInt(Unknown Source)
	at com.restaurants.data.DataStore.initCuisineMap(DataStore.java:102)
	at com.restaurants.data.DataStore.getRestaurants(DataStore.java:39)
	at com.restaurants.restaurantsearch.controller.RestaurantService.getBestRestaurantMatch(RestaurantService.java:32)
	at sun.reflect.NativeMethodAccessorImpl.invoke0(Native Method)
	at sun.reflect.NativeMethodAccessorImpl.invoke(Unknown Source)
	at sun.reflect.DelegatingMethodAccessorImpl.invoke(Unknown Source)
	at java.lang.reflect.Method.invoke(Unknown Source)
	at org.springframework.web.method.support.InvocableHandlerMethod.doInvoke(InvocableHandlerMethod.java:197)
	at org.springframework.web.method.support.InvocableHandlerMethod.invokeForRequest(InvocableHandlerMethod.java:141)
	at org.springframework.web.servlet.mvc.method.annotation.ServletInvocableHandlerMethod.invokeAndHandle(ServletInvocableHandlerMethod.java:106)
	at org.springframework.web.servlet.mvc.method.annotation.RequestMappingHandlerAdapter.invokeHandlerMethod(RequestMappingHandlerAdapter.java:894)
	at org.springframework.web.servlet.mvc.method.annotation.RequestMappingHandlerAdapter.handleInternal(RequestMappingHandlerAdapter.java:808)
	at org.springframework.web.servlet.mvc.method.AbstractHandlerMethodAdapter.handle(AbstractHandlerMethodAdapter.java:87)
	at org.springframework.web.servlet.DispatcherServlet.doDispatch(DispatcherServlet.java:1060)
	at org.springframework.web.servlet.DispatcherServlet.doService(DispatcherServlet.java:962)
	at org.springframework.web.servlet.FrameworkServlet.processRequest(FrameworkServlet.java:1006)
	at org.springframework.web.servlet.FrameworkServlet.doGet(FrameworkServlet.java:898)
	at javax.servlet.http.HttpServlet.service(HttpServlet.java:626)
	at org.springframework.web.servlet.FrameworkServlet.service(FrameworkServlet.java:883)
	at javax.servlet.http.HttpServlet.service(HttpServlet.java:733)
	at org.apache.catalina.core.ApplicationFilterChain.internalDoFilter(ApplicationFilterChain.java:227)
	at org.apache.catalina.core.ApplicationFilterChain.doFilter(ApplicationFilterChain.java:162)
	at org.apache.tomcat.websocket.server.WsFilter.doFilter(WsFilter.java:53)
	at org.apache.catalina.core.ApplicationFilterChain.internalDoFilter(ApplicationFilterChain.java:189)
	at org.apache.catalina.core.ApplicationFilterChain.doFilter(ApplicationFilterChain.java:162)
	at org.springframework.web.filter.RequestContextFilter.doFilterInternal(RequestContextFilter.java:100)
	at org.springframework.web.filter.OncePerRequestFilter.doFilter(OncePerRequestFilter.java:119)
	at org.apache.catalina.core.ApplicationFilterChain.internalDoFilter(ApplicationFilterChain.java:189)
	at org.apache.catalina.core.ApplicationFilterChain.doFilter(ApplicationFilterChain.java:162)
	at org.springframework.web.filter.FormContentFilter.doFilterInternal(FormContentFilter.java:93)
	at org.springframework.web.filter.OncePerRequestFilter.doFilter(OncePerRequestFilter.java:119)
	at org.apache.catalina.core.ApplicationFilterChain.internalDoFilter(ApplicationFilterChain.java:189)
	at org.apache.catalina.core.ApplicationFilterChain.doFilter(ApplicationFilterChain.java:162)
	at org.springframework.web.filter.CharacterEncodingFilter.doFilterInternal(CharacterEncodingFilter.java:201)
	at org.springframework.web.filter.OncePerRequestFilter.doFilter(OncePerRequestFilter.java:119)
	at org.apache.catalina.core.ApplicationFilterChain.internalDoFilter(ApplicationFilterChain.java:189)
	at org.apache.catalina.core.ApplicationFilterChain.doFilter(ApplicationFilterChain.java:162)
	at org.apache.catalina.core.StandardWrapperValve.invoke(StandardWrapperValve.java:202)
	at org.apache.catalina.core.StandardContextValve.invoke(StandardContextValve.java:97)
	at org.apache.catalina.authenticator.AuthenticatorBase.invoke(AuthenticatorBase.java:542)
	at org.apache.catalina.core.StandardHostValve.invoke(StandardHostValve.java:143)
	at org.apache.catalina.valves.ErrorReportValve.invoke(ErrorReportValve.java:92)
	at org.apache.catalina.core.StandardEngineValve.invoke(StandardEngineValve.java:78)
	at org.apache.catalina.connector.CoyoteAdapter.service(CoyoteAdapter.java:357)
	at org.apache.coyote.http11.Http11Processor.service(Http11Processor.java:374)
	at org.apache.coyote.AbstractProcessorLight.process(AbstractProcessorLight.java:65)
	at org.apache.coyote.AbstractProtocol$ConnectionHandler.process(AbstractProtocol.java:893)
	at org.apache.tomcat.util.net.NioEndpoint$SocketProcessor.doRun(NioEndpoint.java:1707)
	at org.apache.tomcat.util.net.SocketProcessorBase.run(SocketProcessorBase.java:49)
	at java.util.concurrent.ThreadPoolExecutor.runWorker(Unknown Source)
	at java.util.concurrent.ThreadPoolExecutor$Worker.run(Unknown Source)
	at org.apache.tomcat.util.threads.TaskThread$WrappingRunnable.run(TaskThread.java:61)
	at java.lang.Thread.run(Unknown Source)
2021-03-20 16:48:53,775 INFO org.springframework.boot.StartupInfoLogger [main] Starting RestaurantsearchApplication using Java 1.8.0_161 on Danny with PID 14392 (C:\Users\DannyC\Downloads\restaurantsearch\restaurantsearch\target\classes started by DannyC in C:\Users\DannyC\Downloads\restaurantsearch\restaurantsearch)
2021-03-20 16:48:53,785 INFO org.springframework.boot.SpringApplication [main] No active profile set, falling back to default profiles: default
2021-03-20 16:48:56,398 INFO org.springframework.boot.web.embedded.tomcat.TomcatWebServer [main] Tomcat initialized with port(s): 8080 (http)
2021-03-20 16:48:56,439 INFO org.apache.juli.logging.DirectJDKLog [main] Initializing ProtocolHandler ["http-nio-8080"]
2021-03-20 16:48:56,440 INFO org.apache.juli.logging.DirectJDKLog [main] Starting service [Tomcat]
2021-03-20 16:48:56,441 INFO org.apache.juli.logging.DirectJDKLog [main] Starting Servlet engine: [Apache Tomcat/9.0.44]
2021-03-20 16:48:56,655 INFO org.apache.juli.logging.DirectJDKLog [main] Initializing Spring embedded WebApplicationContext
2021-03-20 16:48:56,656 INFO org.springframework.boot.web.servlet.context.ServletWebServerApplicationContext [main] Root WebApplicationContext: initialization completed in 2707 ms
2021-03-20 16:48:57,176 INFO org.springframework.scheduling.concurrent.ExecutorConfigurationSupport [main] Initializing ExecutorService 'applicationTaskExecutor'
2021-03-20 16:48:57,518 INFO org.apache.juli.logging.DirectJDKLog [main] Starting ProtocolHandler ["http-nio-8080"]
2021-03-20 16:48:57,619 INFO org.springframework.boot.web.embedded.tomcat.TomcatWebServer [main] Tomcat started on port(s): 8080 (http) with context path ''
2021-03-20 16:48:57,676 INFO org.springframework.boot.StartupInfoLogger [main] Started RestaurantsearchApplication in 5.021 seconds (JVM running for 6.033)
2021-03-20 16:49:08,640 INFO org.springframework.boot.StartupInfoLogger [main] Starting RestaurantsearchApplication using Java 1.8.0_161 on Danny with PID 3320 (C:\Users\DannyC\Downloads\restaurantsearch\restaurantsearch\target\classes started by DannyC in C:\Users\DannyC\Downloads\restaurantsearch\restaurantsearch)
2021-03-20 16:49:08,656 INFO org.springframework.boot.SpringApplication [main] No active profile set, falling back to default profiles: default
2021-03-20 16:49:10,934 INFO org.springframework.boot.web.embedded.tomcat.TomcatWebServer [main] Tomcat initialized with port(s): 8080 (http)
2021-03-20 16:49:10,959 INFO org.apache.juli.logging.DirectJDKLog [main] Initializing ProtocolHandler ["http-nio-8080"]
2021-03-20 16:49:10,960 INFO org.apache.juli.logging.DirectJDKLog [main] Starting service [Tomcat]
2021-03-20 16:49:10,961 INFO org.apache.juli.logging.DirectJDKLog [main] Starting Servlet engine: [Apache Tomcat/9.0.44]
2021-03-20 16:49:11,147 INFO org.apache.juli.logging.DirectJDKLog [main] Initializing Spring embedded WebApplicationContext
2021-03-20 16:49:11,147 INFO org.springframework.boot.web.servlet.context.ServletWebServerApplicationContext [main] Root WebApplicationContext: initialization completed in 2305 ms
2021-03-20 16:49:11,584 INFO org.springframework.scheduling.concurrent.ExecutorConfigurationSupport [main] Initializing ExecutorService 'applicationTaskExecutor'
2021-03-20 16:49:11,902 INFO org.apache.juli.logging.DirectJDKLog [main] Starting ProtocolHandler ["http-nio-8080"]
2021-03-20 16:49:11,921 WARN org.springframework.context.support.AbstractApplicationContext [main] Exception encountered during context initialization - cancelling refresh attempt: org.springframework.context.ApplicationContextException: Failed to start bean 'webServerStartStop'; nested exception is org.springframework.boot.web.server.PortInUseException: Port 8080 is already in use
2021-03-20 16:49:11,922 INFO org.springframework.scheduling.concurrent.ExecutorConfigurationSupport [main] Shutting down ExecutorService 'applicationTaskExecutor'
2021-03-20 16:49:11,929 INFO org.apache.juli.logging.DirectJDKLog [main] Pausing ProtocolHandler ["http-nio-8080"]
2021-03-20 16:49:11,929 INFO org.apache.juli.logging.DirectJDKLog [main] Stopping service [Tomcat]
2021-03-20 16:49:11,938 INFO org.apache.juli.logging.DirectJDKLog [main] Stopping ProtocolHandler ["http-nio-8080"]
2021-03-20 16:49:11,939 INFO org.apache.juli.logging.DirectJDKLog [main] Destroying ProtocolHandler ["http-nio-8080"]
2021-03-20 16:49:11,967 INFO org.springframework.boot.autoconfigure.logging.ConditionEvaluationReportLoggingListener [main] 

Error starting ApplicationContext. To display the conditions report re-run your application with 'debug' enabled.
2021-03-20 16:49:12,020 ERROR org.springframework.boot.diagnostics.LoggingFailureAnalysisReporter [main] 

***************************
APPLICATION FAILED TO START
***************************

Description:

Web server failed to start. Port 8080 was already in use.

Action:

Identify and stop the process that's listening on port 8080 or configure this application to listen on another port.

2021-03-20 16:49:24,786 INFO org.springframework.boot.StartupInfoLogger [main] Starting RestaurantsearchApplication using Java 1.8.0_161 on Danny with PID 15592 (C:\Users\DannyC\Downloads\restaurantsearch\restaurantsearch\target\classes started by DannyC in C:\Users\DannyC\Downloads\restaurantsearch\restaurantsearch)
2021-03-20 16:49:24,794 INFO org.springframework.boot.SpringApplication [main] No active profile set, falling back to default profiles: default
2021-03-20 16:49:27,108 INFO org.springframework.boot.web.embedded.tomcat.TomcatWebServer [main] Tomcat initialized with port(s): 8080 (http)
2021-03-20 16:49:27,125 INFO org.apache.juli.logging.DirectJDKLog [main] Initializing ProtocolHandler ["http-nio-8080"]
2021-03-20 16:49:27,127 INFO org.apache.juli.logging.DirectJDKLog [main] Starting service [Tomcat]
2021-03-20 16:49:27,127 INFO org.apache.juli.logging.DirectJDKLog [main] Starting Servlet engine: [Apache Tomcat/9.0.44]
2021-03-20 16:49:27,308 INFO org.apache.juli.logging.DirectJDKLog [main] Initializing Spring embedded WebApplicationContext
2021-03-20 16:49:27,308 INFO org.springframework.boot.web.servlet.context.ServletWebServerApplicationContext [main] Root WebApplicationContext: initialization completed in 2334 ms
2021-03-20 16:49:27,724 INFO org.springframework.scheduling.concurrent.ExecutorConfigurationSupport [main] Initializing ExecutorService 'applicationTaskExecutor'
2021-03-20 16:49:28,076 INFO org.apache.juli.logging.DirectJDKLog [main] Starting ProtocolHandler ["http-nio-8080"]
2021-03-20 16:49:28,144 INFO org.springframework.boot.web.embedded.tomcat.TomcatWebServer [main] Tomcat started on port(s): 8080 (http) with context path ''
2021-03-20 16:49:28,267 INFO org.springframework.boot.StartupInfoLogger [main] Started RestaurantsearchApplication in 4.59 seconds (JVM running for 5.606)
2021-03-20 16:49:44,207 INFO org.apache.juli.logging.DirectJDKLog [http-nio-8080-exec-2] Initializing Spring DispatcherServlet 'dispatcherServlet'
2021-03-20 16:49:44,207 INFO org.springframework.web.servlet.FrameworkServlet [http-nio-8080-exec-2] Initializing Servlet 'dispatcherServlet'
2021-03-20 16:49:44,209 INFO org.springframework.web.servlet.FrameworkServlet [http-nio-8080-exec-2] Completed initialization in 1 ms
2021-03-20 16:49:47,264 INFO com.restaurants.data.DataStore [http-nio-8080-exec-2] lineid,name*************
2021-03-20 16:49:47,276 ERROR com.restaurants.restaurantsearch.controller.RestaurantService [http-nio-8080-exec-2] For input string: "id"
java.lang.NumberFormatException: For input string: "id"
	at java.lang.NumberFormatException.forInputString(Unknown Source)
	at java.lang.Integer.parseInt(Unknown Source)
	at java.lang.Integer.parseInt(Unknown Source)
	at com.restaurants.data.DataStore.initCuisineMap(DataStore.java:108)
	at com.restaurants.data.DataStore.getRestaurants(DataStore.java:44)
	at com.restaurants.restaurantsearch.controller.RestaurantService.getBestRestaurantMatch(RestaurantService.java:32)
	at sun.reflect.NativeMethodAccessorImpl.invoke0(Native Method)
	at sun.reflect.NativeMethodAccessorImpl.invoke(Unknown Source)
	at sun.reflect.DelegatingMethodAccessorImpl.invoke(Unknown Source)
	at java.lang.reflect.Method.invoke(Unknown Source)
	at org.springframework.web.method.support.InvocableHandlerMethod.doInvoke(InvocableHandlerMethod.java:197)
	at org.springframework.web.method.support.InvocableHandlerMethod.invokeForRequest(InvocableHandlerMethod.java:141)
	at org.springframework.web.servlet.mvc.method.annotation.ServletInvocableHandlerMethod.invokeAndHandle(ServletInvocableHandlerMethod.java:106)
	at org.springframework.web.servlet.mvc.method.annotation.RequestMappingHandlerAdapter.invokeHandlerMethod(RequestMappingHandlerAdapter.java:894)
	at org.springframework.web.servlet.mvc.method.annotation.RequestMappingHandlerAdapter.handleInternal(RequestMappingHandlerAdapter.java:808)
	at org.springframework.web.servlet.mvc.method.AbstractHandlerMethodAdapter.handle(AbstractHandlerMethodAdapter.java:87)
	at org.springframework.web.servlet.DispatcherServlet.doDispatch(DispatcherServlet.java:1060)
	at org.springframework.web.servlet.DispatcherServlet.doService(DispatcherServlet.java:962)
	at org.springframework.web.servlet.FrameworkServlet.processRequest(FrameworkServlet.java:1006)
	at org.springframework.web.servlet.FrameworkServlet.doGet(FrameworkServlet.java:898)
	at javax.servlet.http.HttpServlet.service(HttpServlet.java:626)
	at org.springframework.web.servlet.FrameworkServlet.service(FrameworkServlet.java:883)
	at javax.servlet.http.HttpServlet.service(HttpServlet.java:733)
	at org.apache.catalina.core.ApplicationFilterChain.internalDoFilter(ApplicationFilterChain.java:227)
	at org.apache.catalina.core.ApplicationFilterChain.doFilter(ApplicationFilterChain.java:162)
	at org.apache.tomcat.websocket.server.WsFilter.doFilter(WsFilter.java:53)
	at org.apache.catalina.core.ApplicationFilterChain.internalDoFilter(ApplicationFilterChain.java:189)
	at org.apache.catalina.core.ApplicationFilterChain.doFilter(ApplicationFilterChain.java:162)
	at org.springframework.web.filter.RequestContextFilter.doFilterInternal(RequestContextFilter.java:100)
	at org.springframework.web.filter.OncePerRequestFilter.doFilter(OncePerRequestFilter.java:119)
	at org.apache.catalina.core.ApplicationFilterChain.internalDoFilter(ApplicationFilterChain.java:189)
	at org.apache.catalina.core.ApplicationFilterChain.doFilter(ApplicationFilterChain.java:162)
	at org.springframework.web.filter.FormContentFilter.doFilterInternal(FormContentFilter.java:93)
	at org.springframework.web.filter.OncePerRequestFilter.doFilter(OncePerRequestFilter.java:119)
	at org.apache.catalina.core.ApplicationFilterChain.internalDoFilter(ApplicationFilterChain.java:189)
	at org.apache.catalina.core.ApplicationFilterChain.doFilter(ApplicationFilterChain.java:162)
	at org.springframework.web.filter.CharacterEncodingFilter.doFilterInternal(CharacterEncodingFilter.java:201)
	at org.springframework.web.filter.OncePerRequestFilter.doFilter(OncePerRequestFilter.java:119)
	at org.apache.catalina.core.ApplicationFilterChain.internalDoFilter(ApplicationFilterChain.java:189)
	at org.apache.catalina.core.ApplicationFilterChain.doFilter(ApplicationFilterChain.java:162)
	at org.apache.catalina.core.StandardWrapperValve.invoke(StandardWrapperValve.java:202)
	at org.apache.catalina.core.StandardContextValve.invoke(StandardContextValve.java:97)
	at org.apache.catalina.authenticator.AuthenticatorBase.invoke(AuthenticatorBase.java:542)
	at org.apache.catalina.core.StandardHostValve.invoke(StandardHostValve.java:143)
	at org.apache.catalina.valves.ErrorReportValve.invoke(ErrorReportValve.java:92)
	at org.apache.catalina.core.StandardEngineValve.invoke(StandardEngineValve.java:78)
	at org.apache.catalina.connector.CoyoteAdapter.service(CoyoteAdapter.java:357)
	at org.apache.coyote.http11.Http11Processor.service(Http11Processor.java:374)
	at org.apache.coyote.AbstractProcessorLight.process(AbstractProcessorLight.java:65)
	at org.apache.coyote.AbstractProtocol$ConnectionHandler.process(AbstractProtocol.java:893)
	at org.apache.tomcat.util.net.NioEndpoint$SocketProcessor.doRun(NioEndpoint.java:1707)
	at org.apache.tomcat.util.net.SocketProcessorBase.run(SocketProcessorBase.java:49)
	at java.util.concurrent.ThreadPoolExecutor.runWorker(Unknown Source)
	at java.util.concurrent.ThreadPoolExecutor$Worker.run(Unknown Source)
	at org.apache.tomcat.util.threads.TaskThread$WrappingRunnable.run(TaskThread.java:61)
	at java.lang.Thread.run(Unknown Source)
2021-03-20 16:52:18,369 INFO org.springframework.boot.StartupInfoLogger [main] Starting RestaurantsearchApplication using Java 1.8.0_161 on Danny with PID 16916 (C:\Users\DannyC\Downloads\restaurantsearch\restaurantsearch\target\classes started by DannyC in C:\Users\DannyC\Downloads\restaurantsearch\restaurantsearch)
2021-03-20 16:52:18,385 INFO org.springframework.boot.SpringApplication [main] No active profile set, falling back to default profiles: default
2021-03-20 16:52:20,680 INFO org.springframework.boot.web.embedded.tomcat.TomcatWebServer [main] Tomcat initialized with port(s): 8080 (http)
2021-03-20 16:52:20,711 INFO org.apache.juli.logging.DirectJDKLog [main] Initializing ProtocolHandler ["http-nio-8080"]
2021-03-20 16:52:20,712 INFO org.apache.juli.logging.DirectJDKLog [main] Starting service [Tomcat]
2021-03-20 16:52:20,713 INFO org.apache.juli.logging.DirectJDKLog [main] Starting Servlet engine: [Apache Tomcat/9.0.44]
2021-03-20 16:52:20,899 INFO org.apache.juli.logging.DirectJDKLog [main] Initializing Spring embedded WebApplicationContext
2021-03-20 16:52:20,901 INFO org.springframework.boot.web.servlet.context.ServletWebServerApplicationContext [main] Root WebApplicationContext: initialization completed in 2332 ms
2021-03-20 16:52:21,406 INFO org.springframework.scheduling.concurrent.ExecutorConfigurationSupport [main] Initializing ExecutorService 'applicationTaskExecutor'
2021-03-20 16:52:21,733 INFO org.apache.juli.logging.DirectJDKLog [main] Starting ProtocolHandler ["http-nio-8080"]
2021-03-20 16:52:21,820 INFO org.springframework.boot.web.embedded.tomcat.TomcatWebServer [main] Tomcat started on port(s): 8080 (http) with context path ''
2021-03-20 16:52:21,934 INFO org.springframework.boot.StartupInfoLogger [main] Started RestaurantsearchApplication in 4.806 seconds (JVM running for 6.023)
2021-03-20 16:52:25,798 INFO org.apache.juli.logging.DirectJDKLog [http-nio-8080-exec-2] Initializing Spring DispatcherServlet 'dispatcherServlet'
2021-03-20 16:52:25,799 INFO org.springframework.web.servlet.FrameworkServlet [http-nio-8080-exec-2] Initializing Servlet 'dispatcherServlet'
2021-03-20 16:52:25,801 INFO org.springframework.web.servlet.FrameworkServlet [http-nio-8080-exec-2] Completed initialization in 1 ms
2021-03-20 16:52:28,681 INFO com.restaurants.data.DataStore [http-nio-8080-exec-2] line1,American*************
2021-03-20 16:52:28,694 INFO com.restaurants.data.DataStore [http-nio-8080-exec-2] line2,Chinese*************
2021-03-20 16:52:28,704 INFO com.restaurants.data.DataStore [http-nio-8080-exec-2] line3,Thai*************
2021-03-20 16:52:28,715 INFO com.restaurants.data.DataStore [http-nio-8080-exec-2] line4,Italian*************
2021-03-20 16:52:28,723 INFO com.restaurants.data.DataStore [http-nio-8080-exec-2] line5,French*************
2021-03-20 16:52:28,735 INFO com.restaurants.data.DataStore [http-nio-8080-exec-2] line6,Japanese*************
2021-03-20 16:52:28,747 INFO com.restaurants.data.DataStore [http-nio-8080-exec-2] line7,Turkish*************
2021-03-20 16:52:28,760 INFO com.restaurants.data.DataStore [http-nio-8080-exec-2] line8,Korean*************
2021-03-20 16:52:28,771 INFO com.restaurants.data.DataStore [http-nio-8080-exec-2] line9,Vietnamese*************
2021-03-20 16:52:28,787 INFO com.restaurants.data.DataStore [http-nio-8080-exec-2] line10,Indian*************
2021-03-20 16:52:28,816 INFO com.restaurants.data.DataStore [http-nio-8080-exec-2] line11,Spanish*************
2021-03-20 16:52:28,828 INFO com.restaurants.data.DataStore [http-nio-8080-exec-2] line12,Greek*************
2021-03-20 16:52:28,849 INFO com.restaurants.data.DataStore [http-nio-8080-exec-2] line13,Mexican*************
2021-03-20 16:52:28,866 INFO com.restaurants.data.DataStore [http-nio-8080-exec-2] line14,Malaysian*************
2021-03-20 16:52:28,880 INFO com.restaurants.data.DataStore [http-nio-8080-exec-2] line15,African*************
2021-03-20 16:52:28,889 INFO com.restaurants.data.DataStore [http-nio-8080-exec-2] line16,German*************
2021-03-20 16:52:28,899 INFO com.restaurants.data.DataStore [http-nio-8080-exec-2] line17,Indonesian*************
2021-03-20 16:52:28,905 INFO com.restaurants.data.DataStore [http-nio-8080-exec-2] line18,Russian*************
2021-03-20 16:52:28,914 INFO com.restaurants.data.DataStore [http-nio-8080-exec-2] line19,Other*************
2021-03-20 16:53:50,175 INFO com.restaurants.restaurantsearch.controller.RestaurantService [http-nio-8080-exec-2] 0  matches found!
2021-03-20 16:54:05,476 WARN org.springframework.web.servlet.handler.AbstractHandlerExceptionResolver [http-nio-8080-exec-3] Resolved [org.springframework.web.bind.MissingServletRequestParameterException: Required String parameter 'name' is not present]
2021-03-20 16:54:20,932 INFO com.restaurants.restaurantsearch.controller.RestaurantService [http-nio-8080-exec-4] 0  matches found!
2021-03-20 16:54:39,050 INFO com.restaurants.restaurantsearch.controller.RestaurantService [http-nio-8080-exec-7] 0  matches found!
2021-03-20 16:54:49,122 INFO com.restaurants.restaurantsearch.controller.RestaurantService [http-nio-8080-exec-5] 0  matches found!
2021-03-20 16:56:20,302 INFO com.restaurants.restaurantsearch.controller.RestaurantService [http-nio-8080-exec-8] 0  matches found!
2021-03-20 16:56:41,989 INFO com.restaurants.restaurantsearch.controller.RestaurantService [http-nio-8080-exec-10] 0  matches found!
2021-03-20 16:57:40,337 INFO com.restaurants.restaurantsearch.controller.RestaurantService [http-nio-8080-exec-9] 0  matches found!
2021-03-20 16:58:30,105 INFO com.restaurants.restaurantsearch.controller.RestaurantService [http-nio-8080-exec-1] 0  matches found!
2021-03-20 16:58:32,247 INFO com.restaurants.restaurantsearch.controller.RestaurantService [http-nio-8080-exec-2] 0  matches found!
2021-03-20 16:59:59,221 INFO org.springframework.boot.StartupInfoLogger [main] Starting RestaurantsearchApplication using Java 1.8.0_161 on Danny with PID 17336 (C:\Users\DannyC\Downloads\restaurantsearch\restaurantsearch\target\classes started by DannyC in C:\Users\DannyC\Downloads\restaurantsearch\restaurantsearch)
2021-03-20 16:59:59,231 INFO org.springframework.boot.SpringApplication [main] No active profile set, falling back to default profiles: default
2021-03-20 17:00:01,450 INFO org.springframework.boot.web.embedded.tomcat.TomcatWebServer [main] Tomcat initialized with port(s): 8080 (http)
2021-03-20 17:00:01,475 INFO org.apache.juli.logging.DirectJDKLog [main] Initializing ProtocolHandler ["http-nio-8080"]
2021-03-20 17:00:01,477 INFO org.apache.juli.logging.DirectJDKLog [main] Starting service [Tomcat]
2021-03-20 17:00:01,478 INFO org.apache.juli.logging.DirectJDKLog [main] Starting Servlet engine: [Apache Tomcat/9.0.44]
2021-03-20 17:00:01,617 INFO org.apache.juli.logging.DirectJDKLog [main] Initializing Spring embedded WebApplicationContext
2021-03-20 17:00:01,617 INFO org.springframework.boot.web.servlet.context.ServletWebServerApplicationContext [main] Root WebApplicationContext: initialization completed in 2214 ms
2021-03-20 17:00:02,240 INFO org.springframework.scheduling.concurrent.ExecutorConfigurationSupport [main] Initializing ExecutorService 'applicationTaskExecutor'
2021-03-20 17:00:02,632 INFO org.apache.juli.logging.DirectJDKLog [main] Starting ProtocolHandler ["http-nio-8080"]
2021-03-20 17:00:02,852 INFO org.springframework.boot.web.embedded.tomcat.TomcatWebServer [main] Tomcat started on port(s): 8080 (http) with context path ''
2021-03-20 17:00:03,024 INFO org.springframework.boot.StartupInfoLogger [main] Started RestaurantsearchApplication in 4.95 seconds (JVM running for 6.044)
2021-03-20 17:00:07,187 INFO org.apache.juli.logging.DirectJDKLog [http-nio-8080-exec-2] Initializing Spring DispatcherServlet 'dispatcherServlet'
2021-03-20 17:00:07,188 INFO org.springframework.web.servlet.FrameworkServlet [http-nio-8080-exec-2] Initializing Servlet 'dispatcherServlet'
2021-03-20 17:00:07,189 INFO org.springframework.web.servlet.FrameworkServlet [http-nio-8080-exec-2] Completed initialization in 1 ms
2021-03-20 17:00:09,382 INFO com.restaurants.data.DataStore [http-nio-8080-exec-2] line1,American*************
2021-03-20 17:00:09,384 INFO com.restaurants.data.DataStore [http-nio-8080-exec-2] line2,Chinese*************
2021-03-20 17:00:09,387 INFO com.restaurants.data.DataStore [http-nio-8080-exec-2] line3,Thai*************
2021-03-20 17:00:09,389 INFO com.restaurants.data.DataStore [http-nio-8080-exec-2] line4,Italian*************
2021-03-20 17:00:09,390 INFO com.restaurants.data.DataStore [http-nio-8080-exec-2] line5,French*************
2021-03-20 17:00:09,392 INFO com.restaurants.data.DataStore [http-nio-8080-exec-2] line6,Japanese*************
2021-03-20 17:00:09,393 INFO com.restaurants.data.DataStore [http-nio-8080-exec-2] line7,Turkish*************
2021-03-20 17:00:09,394 INFO com.restaurants.data.DataStore [http-nio-8080-exec-2] line8,Korean*************
2021-03-20 17:00:09,395 INFO com.restaurants.data.DataStore [http-nio-8080-exec-2] line9,Vietnamese*************
2021-03-20 17:00:09,398 INFO com.restaurants.data.DataStore [http-nio-8080-exec-2] line10,Indian*************
2021-03-20 17:00:09,399 INFO com.restaurants.data.DataStore [http-nio-8080-exec-2] line11,Spanish*************
2021-03-20 17:00:09,400 INFO com.restaurants.data.DataStore [http-nio-8080-exec-2] line12,Greek*************
2021-03-20 17:00:09,402 INFO com.restaurants.data.DataStore [http-nio-8080-exec-2] line13,Mexican*************
2021-03-20 17:00:09,403 INFO com.restaurants.data.DataStore [http-nio-8080-exec-2] line14,Malaysian*************
2021-03-20 17:00:09,405 INFO com.restaurants.data.DataStore [http-nio-8080-exec-2] line15,African*************
2021-03-20 17:00:09,407 INFO com.restaurants.data.DataStore [http-nio-8080-exec-2] line16,German*************
2021-03-20 17:00:09,408 INFO com.restaurants.data.DataStore [http-nio-8080-exec-2] line17,Indonesian*************
2021-03-20 17:00:09,409 INFO com.restaurants.data.DataStore [http-nio-8080-exec-2] line18,Russian*************
2021-03-20 17:00:09,410 INFO com.restaurants.data.DataStore [http-nio-8080-exec-2] line19,Other*************
2021-03-20 17:00:11,244 INFO com.restaurants.restaurantsearch.controller.RestaurantService [http-nio-8080-exec-2] 5  matches found!
2021-03-20 17:01:01,244 INFO org.springframework.boot.StartupInfoLogger [main] Starting RestaurantsearchApplication using Java 1.8.0_161 on Danny with PID 16256 (C:\Users\DannyC\Downloads\restaurantsearch\restaurantsearch\target\classes started by DannyC in C:\Users\DannyC\Downloads\restaurantsearch\restaurantsearch)
2021-03-20 17:01:01,272 INFO org.springframework.boot.SpringApplication [main] No active profile set, falling back to default profiles: default
2021-03-20 17:01:03,551 INFO org.springframework.boot.web.embedded.tomcat.TomcatWebServer [main] Tomcat initialized with port(s): 8080 (http)
2021-03-20 17:01:03,579 INFO org.apache.juli.logging.DirectJDKLog [main] Initializing ProtocolHandler ["http-nio-8080"]
2021-03-20 17:01:03,581 INFO org.apache.juli.logging.DirectJDKLog [main] Starting service [Tomcat]
2021-03-20 17:01:03,582 INFO org.apache.juli.logging.DirectJDKLog [main] Starting Servlet engine: [Apache Tomcat/9.0.44]
2021-03-20 17:01:03,735 INFO org.apache.juli.logging.DirectJDKLog [main] Initializing Spring embedded WebApplicationContext
2021-03-20 17:01:03,736 INFO org.springframework.boot.web.servlet.context.ServletWebServerApplicationContext [main] Root WebApplicationContext: initialization completed in 2297 ms
2021-03-20 17:01:04,238 INFO org.springframework.scheduling.concurrent.ExecutorConfigurationSupport [main] Initializing ExecutorService 'applicationTaskExecutor'
2021-03-20 17:01:04,617 INFO org.apache.juli.logging.DirectJDKLog [main] Starting ProtocolHandler ["http-nio-8080"]
2021-03-20 17:01:04,703 INFO org.springframework.boot.web.embedded.tomcat.TomcatWebServer [main] Tomcat started on port(s): 8080 (http) with context path ''
2021-03-20 17:01:04,725 INFO org.springframework.boot.StartupInfoLogger [main] Started RestaurantsearchApplication in 4.615 seconds (JVM running for 5.877)
2021-03-20 17:01:12,119 INFO org.apache.juli.logging.DirectJDKLog [http-nio-8080-exec-2] Initializing Spring DispatcherServlet 'dispatcherServlet'
2021-03-20 17:01:12,120 INFO org.springframework.web.servlet.FrameworkServlet [http-nio-8080-exec-2] Initializing Servlet 'dispatcherServlet'
2021-03-20 17:01:12,125 INFO org.springframework.web.servlet.FrameworkServlet [http-nio-8080-exec-2] Completed initialization in 1 ms
2021-03-20 17:01:14,369 INFO com.restaurants.data.DataStore [http-nio-8080-exec-2] line1,American*************
2021-03-20 17:01:14,374 INFO com.restaurants.data.DataStore [http-nio-8080-exec-2] line2,Chinese*************
2021-03-20 17:01:14,376 INFO com.restaurants.data.DataStore [http-nio-8080-exec-2] line3,Thai*************
2021-03-20 17:01:14,378 INFO com.restaurants.data.DataStore [http-nio-8080-exec-2] line4,Italian*************
2021-03-20 17:01:14,380 INFO com.restaurants.data.DataStore [http-nio-8080-exec-2] line5,French*************
2021-03-20 17:01:14,381 INFO com.restaurants.data.DataStore [http-nio-8080-exec-2] line6,Japanese*************
2021-03-20 17:01:14,382 INFO com.restaurants.data.DataStore [http-nio-8080-exec-2] line7,Turkish*************
2021-03-20 17:01:14,386 INFO com.restaurants.data.DataStore [http-nio-8080-exec-2] line8,Korean*************
2021-03-20 17:01:14,387 INFO com.restaurants.data.DataStore [http-nio-8080-exec-2] line9,Vietnamese*************
2021-03-20 17:01:14,389 INFO com.restaurants.data.DataStore [http-nio-8080-exec-2] line10,Indian*************
2021-03-20 17:01:14,390 INFO com.restaurants.data.DataStore [http-nio-8080-exec-2] line11,Spanish*************
2021-03-20 17:01:14,391 INFO com.restaurants.data.DataStore [http-nio-8080-exec-2] line12,Greek*************
2021-03-20 17:01:14,392 INFO com.restaurants.data.DataStore [http-nio-8080-exec-2] line13,Mexican*************
2021-03-20 17:01:14,394 INFO com.restaurants.data.DataStore [http-nio-8080-exec-2] line14,Malaysian*************
2021-03-20 17:01:14,395 INFO com.restaurants.data.DataStore [http-nio-8080-exec-2] line15,African*************
2021-03-20 17:01:14,401 INFO com.restaurants.data.DataStore [http-nio-8080-exec-2] line16,German*************
2021-03-20 17:01:14,404 INFO com.restaurants.data.DataStore [http-nio-8080-exec-2] line17,Indonesian*************
2021-03-20 17:01:14,406 INFO com.restaurants.data.DataStore [http-nio-8080-exec-2] line18,Russian*************
2021-03-20 17:01:14,406 INFO com.restaurants.data.DataStore [http-nio-8080-exec-2] line19,Other*************
2021-03-20 17:01:56,077 INFO com.restaurants.restaurantsearch.controller.RestaurantService [http-nio-8080-exec-2] 5  matches found!
2021-03-20 17:02:41,220 INFO org.springframework.boot.StartupInfoLogger [main] Starting RestaurantsearchApplication using Java 1.8.0_161 on Danny with PID 16908 (C:\Users\DannyC\Downloads\restaurantsearch\restaurantsearch\target\classes started by DannyC in C:\Users\DannyC\Downloads\restaurantsearch\restaurantsearch)
2021-03-20 17:02:41,229 INFO org.springframework.boot.SpringApplication [main] No active profile set, falling back to default profiles: default
2021-03-20 17:02:43,518 INFO org.springframework.boot.web.embedded.tomcat.TomcatWebServer [main] Tomcat initialized with port(s): 8080 (http)
2021-03-20 17:02:43,537 INFO org.apache.juli.logging.DirectJDKLog [main] Initializing ProtocolHandler ["http-nio-8080"]
2021-03-20 17:02:43,538 INFO org.apache.juli.logging.DirectJDKLog [main] Starting service [Tomcat]
2021-03-20 17:02:43,539 INFO org.apache.juli.logging.DirectJDKLog [main] Starting Servlet engine: [Apache Tomcat/9.0.44]
2021-03-20 17:02:43,656 INFO org.apache.juli.logging.DirectJDKLog [main] Initializing Spring embedded WebApplicationContext
2021-03-20 17:02:43,657 INFO org.springframework.boot.web.servlet.context.ServletWebServerApplicationContext [main] Root WebApplicationContext: initialization completed in 2287 ms
2021-03-20 17:02:44,096 INFO org.springframework.scheduling.concurrent.ExecutorConfigurationSupport [main] Initializing ExecutorService 'applicationTaskExecutor'
2021-03-20 17:02:44,452 INFO org.apache.juli.logging.DirectJDKLog [main] Starting ProtocolHandler ["http-nio-8080"]
2021-03-20 17:02:44,525 INFO org.springframework.boot.web.embedded.tomcat.TomcatWebServer [main] Tomcat started on port(s): 8080 (http) with context path ''
2021-03-20 17:02:44,652 INFO org.springframework.boot.StartupInfoLogger [main] Started RestaurantsearchApplication in 4.551 seconds (JVM running for 5.989)
2021-03-20 17:02:49,124 INFO org.apache.juli.logging.DirectJDKLog [http-nio-8080-exec-1] Initializing Spring DispatcherServlet 'dispatcherServlet'
2021-03-20 17:02:49,125 INFO org.springframework.web.servlet.FrameworkServlet [http-nio-8080-exec-1] Initializing Servlet 'dispatcherServlet'
2021-03-20 17:02:49,131 INFO org.springframework.web.servlet.FrameworkServlet [http-nio-8080-exec-1] Completed initialization in 4 ms
2021-03-20 17:02:49,229 INFO com.restaurants.data.DataStore [http-nio-8080-exec-1] line1,American*************
2021-03-20 17:02:49,232 INFO com.restaurants.data.DataStore [http-nio-8080-exec-1] line2,Chinese*************
2021-03-20 17:02:49,233 INFO com.restaurants.data.DataStore [http-nio-8080-exec-1] line3,Thai*************
2021-03-20 17:02:49,234 INFO com.restaurants.data.DataStore [http-nio-8080-exec-1] line4,Italian*************
2021-03-20 17:02:49,235 INFO com.restaurants.data.DataStore [http-nio-8080-exec-1] line5,French*************
2021-03-20 17:02:49,236 INFO com.restaurants.data.DataStore [http-nio-8080-exec-1] line6,Japanese*************
2021-03-20 17:02:49,236 INFO com.restaurants.data.DataStore [http-nio-8080-exec-1] line7,Turkish*************
2021-03-20 17:02:49,241 INFO com.restaurants.data.DataStore [http-nio-8080-exec-1] line8,Korean*************
2021-03-20 17:02:49,242 INFO com.restaurants.data.DataStore [http-nio-8080-exec-1] line9,Vietnamese*************
2021-03-20 17:02:49,242 INFO com.restaurants.data.DataStore [http-nio-8080-exec-1] line10,Indian*************
2021-03-20 17:02:49,243 INFO com.restaurants.data.DataStore [http-nio-8080-exec-1] line11,Spanish*************
2021-03-20 17:02:49,244 INFO com.restaurants.data.DataStore [http-nio-8080-exec-1] line12,Greek*************
2021-03-20 17:02:49,244 INFO com.restaurants.data.DataStore [http-nio-8080-exec-1] line13,Mexican*************
2021-03-20 17:02:49,245 INFO com.restaurants.data.DataStore [http-nio-8080-exec-1] line14,Malaysian*************
2021-03-20 17:02:49,245 INFO com.restaurants.data.DataStore [http-nio-8080-exec-1] line15,African*************
2021-03-20 17:02:49,246 INFO com.restaurants.data.DataStore [http-nio-8080-exec-1] line16,German*************
2021-03-20 17:02:49,246 INFO com.restaurants.data.DataStore [http-nio-8080-exec-1] line17,Indonesian*************
2021-03-20 17:02:49,247 INFO com.restaurants.data.DataStore [http-nio-8080-exec-1] line18,Russian*************
2021-03-20 17:02:49,247 INFO com.restaurants.data.DataStore [http-nio-8080-exec-1] line19,Other*************
2021-03-20 17:02:49,256 INFO com.restaurants.restaurantsearch.controller.RestaurantService [http-nio-8080-exec-1] 5  matches found!
2021-03-20 17:04:10,558 INFO org.springframework.boot.StartupInfoLogger [main] Starting RestaurantsearchApplication using Java 1.8.0_161 on Danny with PID 7256 (C:\Users\DannyC\Downloads\restaurantsearch\restaurantsearch\target\classes started by DannyC in C:\Users\DannyC\Downloads\restaurantsearch\restaurantsearch)
2021-03-20 17:04:10,588 INFO org.springframework.boot.SpringApplication [main] No active profile set, falling back to default profiles: default
2021-03-20 17:04:12,773 INFO org.springframework.boot.web.embedded.tomcat.TomcatWebServer [main] Tomcat initialized with port(s): 8080 (http)
2021-03-20 17:04:12,792 INFO org.apache.juli.logging.DirectJDKLog [main] Initializing ProtocolHandler ["http-nio-8080"]
2021-03-20 17:04:12,793 INFO org.apache.juli.logging.DirectJDKLog [main] Starting service [Tomcat]
2021-03-20 17:04:12,793 INFO org.apache.juli.logging.DirectJDKLog [main] Starting Servlet engine: [Apache Tomcat/9.0.44]
2021-03-20 17:04:12,944 INFO org.apache.juli.logging.DirectJDKLog [main] Initializing Spring embedded WebApplicationContext
2021-03-20 17:04:12,945 INFO org.springframework.boot.web.servlet.context.ServletWebServerApplicationContext [main] Root WebApplicationContext: initialization completed in 2142 ms
2021-03-20 17:04:13,413 INFO org.springframework.scheduling.concurrent.ExecutorConfigurationSupport [main] Initializing ExecutorService 'applicationTaskExecutor'
2021-03-20 17:04:13,761 INFO org.apache.juli.logging.DirectJDKLog [main] Starting ProtocolHandler ["http-nio-8080"]
2021-03-20 17:04:13,868 INFO org.springframework.boot.web.embedded.tomcat.TomcatWebServer [main] Tomcat started on port(s): 8080 (http) with context path ''
2021-03-20 17:04:13,889 INFO org.springframework.boot.StartupInfoLogger [main] Started RestaurantsearchApplication in 4.476 seconds (JVM running for 5.429)
2021-03-20 17:04:19,383 INFO org.apache.juli.logging.DirectJDKLog [http-nio-8080-exec-2] Initializing Spring DispatcherServlet 'dispatcherServlet'
2021-03-20 17:04:19,383 INFO org.springframework.web.servlet.FrameworkServlet [http-nio-8080-exec-2] Initializing Servlet 'dispatcherServlet'
2021-03-20 17:04:19,385 INFO org.springframework.web.servlet.FrameworkServlet [http-nio-8080-exec-2] Completed initialization in 1 ms
2021-03-20 17:04:21,994 INFO com.restaurants.data.DataStore [http-nio-8080-exec-2] line1,American*************
2021-03-20 17:04:21,998 INFO com.restaurants.data.DataStore [http-nio-8080-exec-2] line2,Chinese*************
2021-03-20 17:04:22,000 INFO com.restaurants.data.DataStore [http-nio-8080-exec-2] line3,Thai*************
2021-03-20 17:04:22,001 INFO com.restaurants.data.DataStore [http-nio-8080-exec-2] line4,Italian*************
2021-03-20 17:04:22,002 INFO com.restaurants.data.DataStore [http-nio-8080-exec-2] line5,French*************
2021-03-20 17:04:22,004 INFO com.restaurants.data.DataStore [http-nio-8080-exec-2] line6,Japanese*************
2021-03-20 17:04:22,005 INFO com.restaurants.data.DataStore [http-nio-8080-exec-2] line7,Turkish*************
2021-03-20 17:04:22,007 INFO com.restaurants.data.DataStore [http-nio-8080-exec-2] line8,Korean*************
2021-03-20 17:04:22,008 INFO com.restaurants.data.DataStore [http-nio-8080-exec-2] line9,Vietnamese*************
2021-03-20 17:04:22,010 INFO com.restaurants.data.DataStore [http-nio-8080-exec-2] line10,Indian*************
2021-03-20 17:04:22,011 INFO com.restaurants.data.DataStore [http-nio-8080-exec-2] line11,Spanish*************
2021-03-20 17:04:22,012 INFO com.restaurants.data.DataStore [http-nio-8080-exec-2] line12,Greek*************
2021-03-20 17:04:22,013 INFO com.restaurants.data.DataStore [http-nio-8080-exec-2] line13,Mexican*************
2021-03-20 17:04:22,013 INFO com.restaurants.data.DataStore [http-nio-8080-exec-2] line14,Malaysian*************
2021-03-20 17:04:22,014 INFO com.restaurants.data.DataStore [http-nio-8080-exec-2] line15,African*************
2021-03-20 17:04:22,015 INFO com.restaurants.data.DataStore [http-nio-8080-exec-2] line16,German*************
2021-03-20 17:04:22,016 INFO com.restaurants.data.DataStore [http-nio-8080-exec-2] line17,Indonesian*************
2021-03-20 17:04:22,017 INFO com.restaurants.data.DataStore [http-nio-8080-exec-2] line18,Russian*************
2021-03-20 17:04:22,019 INFO com.restaurants.data.DataStore [http-nio-8080-exec-2] line19,Other*************
2021-03-20 17:06:06,231 INFO org.springframework.boot.StartupInfoLogger [main] Starting RestaurantsearchApplication using Java 1.8.0_161 on Danny with PID 11516 (C:\Users\DannyC\Downloads\restaurantsearch\restaurantsearch\target\classes started by DannyC in C:\Users\DannyC\Downloads\restaurantsearch\restaurantsearch)
2021-03-20 17:06:06,239 INFO org.springframework.boot.SpringApplication [main] No active profile set, falling back to default profiles: default
2021-03-20 17:06:08,392 INFO org.springframework.boot.web.embedded.tomcat.TomcatWebServer [main] Tomcat initialized with port(s): 8080 (http)
2021-03-20 17:06:08,410 INFO org.apache.juli.logging.DirectJDKLog [main] Initializing ProtocolHandler ["http-nio-8080"]
2021-03-20 17:06:08,411 INFO org.apache.juli.logging.DirectJDKLog [main] Starting service [Tomcat]
2021-03-20 17:06:08,412 INFO org.apache.juli.logging.DirectJDKLog [main] Starting Servlet engine: [Apache Tomcat/9.0.44]
2021-03-20 17:06:08,559 INFO org.apache.juli.logging.DirectJDKLog [main] Initializing Spring embedded WebApplicationContext
2021-03-20 17:06:08,560 INFO org.springframework.boot.web.servlet.context.ServletWebServerApplicationContext [main] Root WebApplicationContext: initialization completed in 2167 ms
2021-03-20 17:06:09,040 INFO org.springframework.scheduling.concurrent.ExecutorConfigurationSupport [main] Initializing ExecutorService 'applicationTaskExecutor'
2021-03-20 17:06:09,301 INFO org.apache.juli.logging.DirectJDKLog [main] Starting ProtocolHandler ["http-nio-8080"]
2021-03-20 17:06:09,408 INFO org.springframework.boot.web.embedded.tomcat.TomcatWebServer [main] Tomcat started on port(s): 8080 (http) with context path ''
2021-03-20 17:06:09,472 INFO org.springframework.boot.StartupInfoLogger [main] Started RestaurantsearchApplication in 4.337 seconds (JVM running for 5.408)
2021-03-20 17:06:16,026 INFO org.apache.juli.logging.DirectJDKLog [http-nio-8080-exec-2] Initializing Spring DispatcherServlet 'dispatcherServlet'
2021-03-20 17:06:16,031 INFO org.springframework.web.servlet.FrameworkServlet [http-nio-8080-exec-2] Initializing Servlet 'dispatcherServlet'
2021-03-20 17:06:16,037 INFO org.springframework.web.servlet.FrameworkServlet [http-nio-8080-exec-2] Completed initialization in 3 ms
2021-03-20 17:06:17,927 INFO com.restaurants.data.DataStore [http-nio-8080-exec-2] line1,American*************
2021-03-20 17:06:17,928 INFO com.restaurants.data.DataStore [http-nio-8080-exec-2] line2,Chinese*************
2021-03-20 17:06:17,931 INFO com.restaurants.data.DataStore [http-nio-8080-exec-2] line3,Thai*************
2021-03-20 17:06:17,933 INFO com.restaurants.data.DataStore [http-nio-8080-exec-2] line4,Italian*************
2021-03-20 17:06:17,935 INFO com.restaurants.data.DataStore [http-nio-8080-exec-2] line5,French*************
2021-03-20 17:06:17,936 INFO com.restaurants.data.DataStore [http-nio-8080-exec-2] line6,Japanese*************
2021-03-20 17:06:17,937 INFO com.restaurants.data.DataStore [http-nio-8080-exec-2] line7,Turkish*************
2021-03-20 17:06:17,938 INFO com.restaurants.data.DataStore [http-nio-8080-exec-2] line8,Korean*************
2021-03-20 17:06:17,939 INFO com.restaurants.data.DataStore [http-nio-8080-exec-2] line9,Vietnamese*************
2021-03-20 17:06:17,941 INFO com.restaurants.data.DataStore [http-nio-8080-exec-2] line10,Indian*************
2021-03-20 17:06:17,942 INFO com.restaurants.data.DataStore [http-nio-8080-exec-2] line11,Spanish*************
2021-03-20 17:06:17,943 INFO com.restaurants.data.DataStore [http-nio-8080-exec-2] line12,Greek*************
2021-03-20 17:06:17,944 INFO com.restaurants.data.DataStore [http-nio-8080-exec-2] line13,Mexican*************
2021-03-20 17:06:17,945 INFO com.restaurants.data.DataStore [http-nio-8080-exec-2] line14,Malaysian*************
2021-03-20 17:06:17,946 INFO com.restaurants.data.DataStore [http-nio-8080-exec-2] line15,African*************
2021-03-20 17:06:17,947 INFO com.restaurants.data.DataStore [http-nio-8080-exec-2] line16,German*************
2021-03-20 17:06:17,951 INFO com.restaurants.data.DataStore [http-nio-8080-exec-2] line17,Indonesian*************
2021-03-20 17:06:17,953 INFO com.restaurants.data.DataStore [http-nio-8080-exec-2] line18,Russian*************
2021-03-20 17:06:17,953 INFO com.restaurants.data.DataStore [http-nio-8080-exec-2] line19,Other*************
2021-03-20 17:06:27,753 INFO com.restaurants.restaurantsearch.controller.RestaurantService [http-nio-8080-exec-2] 3  matches found!
2021-03-20 17:07:00,667 INFO com.restaurants.restaurantsearch.controller.RestaurantService [http-nio-8080-exec-3] 5  matches found!
2021-03-20 17:07:11,572 INFO com.restaurants.restaurantsearch.controller.RestaurantService [http-nio-8080-exec-5] 0  matches found!
2021-03-20 17:07:13,417 INFO com.restaurants.restaurantsearch.controller.RestaurantService [http-nio-8080-exec-6] 0  matches found!
2021-03-20 17:07:16,927 INFO com.restaurants.restaurantsearch.controller.RestaurantService [http-nio-8080-exec-4] 5  matches found!
2021-03-20 17:13:32,962 INFO org.springframework.boot.StartupInfoLogger [main] Starting RestaurantsearchApplication using Java 1.8.0_161 on Danny with PID 3908 (C:\Users\DannyC\Downloads\restaurantsearch\restaurantsearch\target\classes started by DannyC in C:\Users\DannyC\Downloads\restaurantsearch\restaurantsearch)
2021-03-20 17:13:32,972 INFO org.springframework.boot.SpringApplication [main] No active profile set, falling back to default profiles: default
2021-03-20 17:13:35,395 INFO org.springframework.boot.web.embedded.tomcat.TomcatWebServer [main] Tomcat initialized with port(s): 8080 (http)
2021-03-20 17:13:35,430 INFO org.apache.juli.logging.DirectJDKLog [main] Initializing ProtocolHandler ["http-nio-8080"]
2021-03-20 17:13:35,431 INFO org.apache.juli.logging.DirectJDKLog [main] Starting service [Tomcat]
2021-03-20 17:13:35,432 INFO org.apache.juli.logging.DirectJDKLog [main] Starting Servlet engine: [Apache Tomcat/9.0.44]
2021-03-20 17:13:35,632 INFO org.apache.juli.logging.DirectJDKLog [main] Initializing Spring embedded WebApplicationContext
2021-03-20 17:13:35,633 INFO org.springframework.boot.web.servlet.context.ServletWebServerApplicationContext [main] Root WebApplicationContext: initialization completed in 2491 ms
2021-03-20 17:13:36,206 INFO org.springframework.scheduling.concurrent.ExecutorConfigurationSupport [main] Initializing ExecutorService 'applicationTaskExecutor'
2021-03-20 17:13:36,582 INFO org.apache.juli.logging.DirectJDKLog [main] Starting ProtocolHandler ["http-nio-8080"]
2021-03-20 17:13:36,654 INFO org.springframework.boot.web.embedded.tomcat.TomcatWebServer [main] Tomcat started on port(s): 8080 (http) with context path ''
2021-03-20 17:13:36,732 INFO org.springframework.boot.StartupInfoLogger [main] Started RestaurantsearchApplication in 4.981 seconds (JVM running for 6.268)
2021-03-20 17:13:38,739 INFO org.apache.juli.logging.DirectJDKLog [http-nio-8080-exec-1] Initializing Spring DispatcherServlet 'dispatcherServlet'
2021-03-20 17:13:38,740 INFO org.springframework.web.servlet.FrameworkServlet [http-nio-8080-exec-1] Initializing Servlet 'dispatcherServlet'
2021-03-20 17:13:38,747 INFO org.springframework.web.servlet.FrameworkServlet [http-nio-8080-exec-1] Completed initialization in 1 ms
2021-03-20 17:13:38,834 INFO com.restaurants.restaurantsearch.controller.RestaurantService [http-nio-8080-exec-1] 5  matches found!
2021-03-20 17:16:15,655 INFO com.restaurants.restaurantsearch.controller.RestaurantService [http-nio-8080-exec-6] 5  matches found!
2021-03-20 17:19:54,022 INFO org.springframework.boot.StartupInfoLogger [main] Starting RestaurantsearchApplication using Java 1.8.0_161 on Danny with PID 3156 (C:\Users\DannyC\Downloads\restaurantsearch\restaurantsearch\target\classes started by DannyC in C:\Users\DannyC\Downloads\restaurantsearch\restaurantsearch)
2021-03-20 17:19:54,034 INFO org.springframework.boot.SpringApplication [main] No active profile set, falling back to default profiles: default
2021-03-20 17:19:56,255 INFO org.springframework.boot.web.embedded.tomcat.TomcatWebServer [main] Tomcat initialized with port(s): 8080 (http)
2021-03-20 17:19:56,272 INFO org.apache.juli.logging.DirectJDKLog [main] Initializing ProtocolHandler ["http-nio-8080"]
2021-03-20 17:19:56,273 INFO org.apache.juli.logging.DirectJDKLog [main] Starting service [Tomcat]
2021-03-20 17:19:56,274 INFO org.apache.juli.logging.DirectJDKLog [main] Starting Servlet engine: [Apache Tomcat/9.0.44]
2021-03-20 17:19:56,401 INFO org.apache.juli.logging.DirectJDKLog [main] Initializing Spring embedded WebApplicationContext
2021-03-20 17:19:56,402 INFO org.springframework.boot.web.servlet.context.ServletWebServerApplicationContext [main] Root WebApplicationContext: initialization completed in 2195 ms
2021-03-20 17:19:56,869 INFO org.springframework.scheduling.concurrent.ExecutorConfigurationSupport [main] Initializing ExecutorService 'applicationTaskExecutor'
2021-03-20 17:19:57,204 INFO org.apache.juli.logging.DirectJDKLog [main] Starting ProtocolHandler ["http-nio-8080"]
2021-03-20 17:19:57,294 INFO org.springframework.boot.web.embedded.tomcat.TomcatWebServer [main] Tomcat started on port(s): 8080 (http) with context path ''
2021-03-20 17:19:57,397 INFO org.springframework.boot.StartupInfoLogger [main] Started RestaurantsearchApplication in 4.461 seconds (JVM running for 5.655)
2021-03-20 17:20:24,946 INFO org.apache.juli.logging.DirectJDKLog [http-nio-8080-exec-2] Initializing Spring DispatcherServlet 'dispatcherServlet'
2021-03-20 17:20:24,946 INFO org.springframework.web.servlet.FrameworkServlet [http-nio-8080-exec-2] Initializing Servlet 'dispatcherServlet'
2021-03-20 17:20:24,948 INFO org.springframework.web.servlet.FrameworkServlet [http-nio-8080-exec-2] Completed initialization in 1 ms
2021-03-20 17:20:25,069 WARN org.springframework.web.servlet.handler.AbstractHandlerExceptionResolver [http-nio-8080-exec-2] Resolved [org.springframework.web.method.annotation.MethodArgumentTypeMismatchException: Failed to convert value of type 'java.lang.String' to required type 'java.lang.Integer'; nested exception is java.lang.NumberFormatException: For input string: "l"]
2021-03-20 17:22:53,666 INFO org.springframework.boot.StartupInfoLogger [main] Starting RestaurantsearchApplication using Java 1.8.0_161 on Danny with PID 5888 (C:\Users\DannyC\Downloads\restaurantsearch\restaurantsearch\target\classes started by DannyC in C:\Users\DannyC\Downloads\restaurantsearch\restaurantsearch)
2021-03-20 17:22:53,677 INFO org.springframework.boot.SpringApplication [main] No active profile set, falling back to default profiles: default
2021-03-20 17:22:56,046 INFO org.springframework.boot.web.embedded.tomcat.TomcatWebServer [main] Tomcat initialized with port(s): 8080 (http)
2021-03-20 17:22:56,065 INFO org.apache.juli.logging.DirectJDKLog [main] Initializing ProtocolHandler ["http-nio-8080"]
2021-03-20 17:22:56,067 INFO org.apache.juli.logging.DirectJDKLog [main] Starting service [Tomcat]
2021-03-20 17:22:56,067 INFO org.apache.juli.logging.DirectJDKLog [main] Starting Servlet engine: [Apache Tomcat/9.0.44]
2021-03-20 17:22:56,257 INFO org.apache.juli.logging.DirectJDKLog [main] Initializing Spring embedded WebApplicationContext
2021-03-20 17:22:56,257 INFO org.springframework.boot.web.servlet.context.ServletWebServerApplicationContext [main] Root WebApplicationContext: initialization completed in 2413 ms
2021-03-20 17:22:56,688 INFO org.springframework.scheduling.concurrent.ExecutorConfigurationSupport [main] Initializing ExecutorService 'applicationTaskExecutor'
2021-03-20 17:22:57,019 INFO org.apache.juli.logging.DirectJDKLog [main] Starting ProtocolHandler ["http-nio-8080"]
2021-03-20 17:22:57,119 INFO org.springframework.boot.web.embedded.tomcat.TomcatWebServer [main] Tomcat started on port(s): 8080 (http) with context path ''
2021-03-20 17:22:57,183 INFO org.springframework.boot.StartupInfoLogger [main] Started RestaurantsearchApplication in 4.679 seconds (JVM running for 5.877)
2021-03-20 17:23:10,689 INFO org.apache.juli.logging.DirectJDKLog [http-nio-8080-exec-1] Initializing Spring DispatcherServlet 'dispatcherServlet'
2021-03-20 17:23:10,690 INFO org.springframework.web.servlet.FrameworkServlet [http-nio-8080-exec-1] Initializing Servlet 'dispatcherServlet'
2021-03-20 17:23:10,692 INFO org.springframework.web.servlet.FrameworkServlet [http-nio-8080-exec-1] Completed initialization in 2 ms
2021-03-20 17:23:10,762 INFO com.restaurants.restaurantsearch.controller.RestaurantService [http-nio-8080-exec-1] 5 matches found!
2021-03-20 17:27:22,024 INFO org.springframework.boot.StartupInfoLogger [main] Starting RestaurantsearchApplication using Java 1.8.0_161 on Danny with PID 14484 (C:\Users\DannyC\Downloads\restaurantsearch\restaurantsearch\target\classes started by DannyC in C:\Users\DannyC\Downloads\restaurantsearch\restaurantsearch)
2021-03-20 17:27:22,032 INFO org.springframework.boot.SpringApplication [main] No active profile set, falling back to default profiles: default
2021-03-20 17:27:24,477 INFO org.springframework.boot.web.embedded.tomcat.TomcatWebServer [main] Tomcat initialized with port(s): 8080 (http)
2021-03-20 17:27:24,495 INFO org.apache.juli.logging.DirectJDKLog [main] Initializing ProtocolHandler ["http-nio-8080"]
2021-03-20 17:27:24,496 INFO org.apache.juli.logging.DirectJDKLog [main] Starting service [Tomcat]
2021-03-20 17:27:24,497 INFO org.apache.juli.logging.DirectJDKLog [main] Starting Servlet engine: [Apache Tomcat/9.0.44]
2021-03-20 17:27:24,663 INFO org.apache.juli.logging.DirectJDKLog [main] Initializing Spring embedded WebApplicationContext
2021-03-20 17:27:24,665 INFO org.springframework.boot.web.servlet.context.ServletWebServerApplicationContext [main] Root WebApplicationContext: initialization completed in 2433 ms
2021-03-20 17:27:25,149 INFO org.springframework.scheduling.concurrent.ExecutorConfigurationSupport [main] Initializing ExecutorService 'applicationTaskExecutor'
2021-03-20 17:27:25,584 INFO org.apache.juli.logging.DirectJDKLog [main] Starting ProtocolHandler ["http-nio-8080"]
2021-03-20 17:27:25,670 INFO org.springframework.boot.web.embedded.tomcat.TomcatWebServer [main] Tomcat started on port(s): 8080 (http) with context path ''
2021-03-20 17:27:25,787 INFO org.springframework.boot.StartupInfoLogger [main] Started RestaurantsearchApplication in 4.865 seconds (JVM running for 5.94)
2021-03-20 17:27:30,264 INFO org.apache.juli.logging.DirectJDKLog [http-nio-8080-exec-2] Initializing Spring DispatcherServlet 'dispatcherServlet'
2021-03-20 17:27:30,265 INFO org.springframework.web.servlet.FrameworkServlet [http-nio-8080-exec-2] Initializing Servlet 'dispatcherServlet'
2021-03-20 17:27:30,270 INFO org.springframework.web.servlet.FrameworkServlet [http-nio-8080-exec-2] Completed initialization in 3 ms
2021-03-20 17:30:11,397 INFO org.springframework.boot.StartupInfoLogger [main] Starting RestaurantsearchApplication using Java 1.8.0_161 on Danny with PID 12136 (C:\Users\DannyC\Downloads\restaurantsearch\restaurantsearch\target\classes started by DannyC in C:\Users\DannyC\Downloads\restaurantsearch\restaurantsearch)
2021-03-20 17:30:11,406 INFO org.springframework.boot.SpringApplication [main] No active profile set, falling back to default profiles: default
2021-03-20 17:30:13,613 INFO org.springframework.boot.web.embedded.tomcat.TomcatWebServer [main] Tomcat initialized with port(s): 8080 (http)
2021-03-20 17:30:13,636 INFO org.apache.juli.logging.DirectJDKLog [main] Initializing ProtocolHandler ["http-nio-8080"]
2021-03-20 17:30:13,639 INFO org.apache.juli.logging.DirectJDKLog [main] Starting service [Tomcat]
2021-03-20 17:30:13,640 INFO org.apache.juli.logging.DirectJDKLog [main] Starting Servlet engine: [Apache Tomcat/9.0.44]
2021-03-20 17:30:13,772 INFO org.apache.juli.logging.DirectJDKLog [main] Initializing Spring embedded WebApplicationContext
2021-03-20 17:30:13,773 INFO org.springframework.boot.web.servlet.context.ServletWebServerApplicationContext [main] Root WebApplicationContext: initialization completed in 2197 ms
2021-03-20 17:30:14,294 INFO org.springframework.scheduling.concurrent.ExecutorConfigurationSupport [main] Initializing ExecutorService 'applicationTaskExecutor'
2021-03-20 17:30:14,743 INFO org.apache.juli.logging.DirectJDKLog [main] Starting ProtocolHandler ["http-nio-8080"]
2021-03-20 17:30:14,836 INFO org.springframework.boot.web.embedded.tomcat.TomcatWebServer [main] Tomcat started on port(s): 8080 (http) with context path ''
2021-03-20 17:30:14,861 INFO org.springframework.boot.StartupInfoLogger [main] Started RestaurantsearchApplication in 4.662 seconds (JVM running for 5.939)
2021-03-20 17:30:17,573 INFO org.apache.juli.logging.DirectJDKLog [http-nio-8080-exec-2] Initializing Spring DispatcherServlet 'dispatcherServlet'
2021-03-20 17:30:17,574 INFO org.springframework.web.servlet.FrameworkServlet [http-nio-8080-exec-2] Initializing Servlet 'dispatcherServlet'
2021-03-20 17:30:17,575 INFO org.springframework.web.servlet.FrameworkServlet [http-nio-8080-exec-2] Completed initialization in 1 ms
2021-03-20 17:30:25,622 INFO com.restaurants.restaurantsearch.controller.RestaurantService [http-nio-8080-exec-2] 5 matches found!
2021-03-20 17:31:27,388 WARN org.springframework.web.servlet.handler.AbstractHandlerExceptionResolver [http-nio-8080-exec-5] Resolved [org.springframework.web.bind.MissingServletRequestParameterException: Required Integer parameter 'rating' is not present]
